{
  "RSpec": {
    "coverage": {
      "/Users/FreddieAndrade/Documents/Work/Active/Wikitongues/Git/poly/poly-v4/app/models/user.rb": [
        1,
        null,
        null,
        1,
        null,
        null,
        1,
        1,
        null,
        1,
        null,
        1,
        1,
        null,
        1,
        0,
        null,
        null,
        null
      ],
      "/Users/FreddieAndrade/Documents/Work/Active/Wikitongues/Git/poly/poly-v4/app/helpers/application_helper.rb": [
        1,
        null
      ],
      "/Users/FreddieAndrade/Documents/Work/Active/Wikitongues/Git/poly/poly-v4/app/helpers/books_helper.rb": [
        1,
        null
      ],
      "/Users/FreddieAndrade/Documents/Work/Active/Wikitongues/Git/poly/poly-v4/app/helpers/search_helper.rb": [
        1,
        null
      ],
      "/Users/FreddieAndrade/Documents/Work/Active/Wikitongues/Git/poly/poly-v4/app/helpers/users_helper.rb": [
        1,
        null
      ],
      "/Users/FreddieAndrade/Documents/Work/Active/Wikitongues/Git/poly/poly-v4/app/controllers/searches_controller.rb": [
        1,
        null,
        1,
        0,
        null,
        0,
        0,
        0,
        null,
        null,
        0,
        null,
        null,
        0,
        null,
        null,
        0,
        null,
        null,
        0,
        null,
        null,
        0,
        null,
        null,
        null,
        null
      ],
      "/Users/FreddieAndrade/Documents/Work/Active/Wikitongues/Git/poly/poly-v4/app/controllers/application_controller.rb": [
        1,
        1,
        null,
        null,
        1,
        null,
        1,
        null,
        1,
        3,
        2,
        2,
        null,
        null
      ],
      "/Users/FreddieAndrade/Documents/Work/Active/Wikitongues/Git/poly/poly-v4/app/controllers/users_controller.rb": [
        1,
        null,
        1,
        0,
        0,
        0,
        0,
        null,
        null,
        0,
        0,
        null,
        null,
        0,
        null,
        null,
        0,
        null,
        null,
        null,
        null,
        null,
        null,
        null,
        null,
        null,
        null,
        null
      ],
      "/Users/FreddieAndrade/Documents/Work/Active/Wikitongues/Git/poly/poly-v4/app/models/book.rb": [
        1,
        1,
        null,
        1,
        null,
        1,
        null,
        1,
        null,
        1,
        1,
        4,
        4,
        null,
        null,
        null
      ],
      "/Users/FreddieAndrade/Documents/Work/Active/Wikitongues/Git/poly/poly-v4/app/models/favorite_book.rb": [
        1,
        1,
        1,
        null
      ],
      "/Users/FreddieAndrade/Documents/Work/Active/Wikitongues/Git/poly/poly-v4/app/controllers/home_controller.rb": [
        1,
        null,
        1,
        1,
        0,
        null,
        1,
        null,
        1,
        1,
        null,
        null,
        null,
        null
      ],
      "/Users/FreddieAndrade/Documents/Work/Active/Wikitongues/Git/poly/poly-v4/app/controllers/dashboard_controller.rb": [
        1,
        1,
        1,
        null,
        1,
        1,
        1,
        1,
        0,
        null,
        1,
        null,
        null,
        null,
        0,
        null,
        1,
        null,
        null,
        0,
        null,
        null,
        null,
        null
      ],
      "/Users/FreddieAndrade/Documents/Work/Active/Wikitongues/Git/poly/poly-v4/app/controllers/secure_controller.rb": [
        1,
        1,
        null,
        1,
        1,
        1,
        null
      ],
      "/Users/FreddieAndrade/Documents/Work/Active/Wikitongues/Git/poly/poly-v4/app/models/phrase_pair.rb": [
        1,
        1,
        null
      ],
      "/Users/FreddieAndrade/Documents/Work/Active/Wikitongues/Git/poly/poly-v4/app/controllers/authenticated_controller.rb": [
        0,
        0,
        0,
        0,
        0,
        0,
        0,
        0,
        0,
        0,
        0,
        0
      ],
      "/Users/FreddieAndrade/Documents/Work/Active/Wikitongues/Git/poly/poly-v4/app/controllers/books_controller.rb": [
        0,
        0,
        0,
        0,
        0,
        0,
        0,
        0,
        0,
        0,
        0,
        0,
        0,
        0,
        0,
        0,
        0,
        0,
        0,
        0,
        0,
        0,
        0,
        0,
        0,
        0,
        0,
        0,
        0,
        0,
        0,
        0,
        0,
        0,
        0,
        0,
        0,
        0,
        0,
        0,
        0,
        0,
        0,
        0,
        0,
        0,
        0,
        0,
        0,
        0,
        0,
        0,
        0,
        0,
        0,
        0,
        0,
        0,
        0,
        0,
        0,
        0,
        0,
        0,
        0,
        0,
        0,
        0,
        0,
        0,
        0,
        0,
        0,
        0,
        0,
        0,
        0,
        0,
        0,
        0,
        0,
        0,
        0,
        0,
        0,
        0
      ],
      "/Users/FreddieAndrade/Documents/Work/Active/Wikitongues/Git/poly/poly-v4/app/controllers/favorites_controller.rb": [
        0,
        0,
        0,
        0,
        0,
        0,
        0,
        0,
        0,
        0,
        0,
        0,
        0,
        0,
        0,
        0,
        0,
        0,
        0,
        0,
        0,
        0,
        0,
        0,
        0,
        0,
        0,
        0,
        0,
        0,
        0
      ],
      "/Users/FreddieAndrade/Documents/Work/Active/Wikitongues/Git/poly/poly-v4/app/controllers/phrase_pairs_controller.rb": [
        0,
        0,
        0,
        0,
        0,
        0,
        0,
        0,
        0,
        0,
        0,
        0,
        0,
        0,
        0,
        0,
        0,
        0,
        0,
        0,
        0,
        0,
        0,
        0,
        0,
        0,
        0,
        0,
        0,
        0,
        0,
        0,
        0,
        0,
        0,
        0,
        0,
        0,
        0,
        0,
        0,
        0,
        0,
        0
      ],
      "/Users/FreddieAndrade/Documents/Work/Active/Wikitongues/Git/poly/poly-v4/app/policies/application_policy.rb": [
        0,
        0,
        0,
        0,
        0,
        0,
        0,
        0,
        0,
        0,
        0,
        0,
        0,
        0,
        0,
        0,
        0,
        0,
        0,
        0,
        0,
        0,
        0,
        0,
        0,
        0,
        0,
        0,
        0,
        0,
        0,
        0,
        0,
        0,
        0,
        0,
        0,
        0,
        0,
        0,
        0,
        0,
        0,
        0,
        0,
        0,
        0,
        0,
        0,
        0,
        0,
        0,
        0
      ],
      "/Users/FreddieAndrade/Documents/Work/Active/Wikitongues/Git/poly/poly-v4/app/policies/book_policy.rb": [
        0,
        0,
        0,
        0,
        0,
        0,
        0,
        0,
        0,
        0,
        0,
        0,
        0,
        0,
        0,
        0,
        0,
        0,
        0,
        0,
        0,
        0
      ],
      "/Users/FreddieAndrade/Documents/Work/Active/Wikitongues/Git/poly/poly-v4/app/policies/favorite_book_policy.rb": [
        0,
        0,
        0,
        0,
        0,
        0
      ],
      "/Users/FreddieAndrade/Documents/Work/Active/Wikitongues/Git/poly/poly-v4/app/policies/phrase_pair_policy.rb": [
        0,
        0,
        0,
        0,
        0,
        0,
        0,
        0,
        0
      ],
      "/Users/FreddieAndrade/Documents/Work/Active/Wikitongues/Git/poly/poly-v4/app/serializers/book_serializer.rb": [
        0,
        0,
        0,
        0,
        0
      ],
      "/Users/FreddieAndrade/Documents/Work/Active/Wikitongues/Git/poly/poly-v4/app/serializers/user_serializer.rb": [
        0,
        0,
        0,
        0,
        0
      ]
    },
    "timestamp": 1480536745
  }
}
